2023-09-12 17:38:49,144 iil3155 quarkus-elasticsearch-dev.jar[16012] INFO  [io.sma.rea.mes.kafka] (Quarkus Main Thread) SRMSG18229: Configured topics for channel 'eventIn': [event]
2023-09-12 17:38:49,161 iil3155 quarkus-elasticsearch-dev.jar[16012] INFO  [io.sma.rea.mes.kafka] (Quarkus Main Thread) SRMSG18214: Key deserializer omitted, using String as default
2023-09-12 17:38:49,958 iil3155 quarkus-elasticsearch-dev.jar[16012] INFO  [io.sma.rea.mes.kafka] (smallrye-kafka-producer-thread-0) SRMSG18258: Kafka producer kafka-producer-eventOut, connected to Kafka brokers 'localhost:9092', is configured to write records to 'event'
2023-09-12 17:38:50,006 iil3155 quarkus-elasticsearch-dev.jar[16012] INFO  [io.sma.rea.mes.kafka] (smallrye-kafka-consumer-thread-0) SRMSG18257: Kafka consumer kafka-consumer-eventIn, connected to Kafka brokers 'localhost:9092', belongs to the 'quarkus-elasticsearch' consumer group and is configured to poll records from [event]
2023-09-12 17:38:50,199 iil3155 quarkus-elasticsearch-dev.jar[16012] INFO  [io.quarkus] (Quarkus Main Thread) quarkus-elasticsearch 1.0.0 on JVM (powered by Quarkus 3.3.2) started in 37.242s. Listening on: http://localhost:8080
2023-09-12 17:38:50,201 iil3155 quarkus-elasticsearch-dev.jar[16012] INFO  [io.quarkus] (Quarkus Main Thread) Profile dev activated. Live Coding activated.
2023-09-12 17:38:50,201 iil3155 quarkus-elasticsearch-dev.jar[16012] INFO  [io.quarkus] (Quarkus Main Thread) Installed features: [cdi, elasticsearch-java-client, elasticsearch-rest-client, kafka-client, resteasy-reactive, resteasy-reactive-jackson, smallrye-context-propagation, smallrye-reactive-messaging, smallrye-reactive-messaging-kafka, vertx]
2023-09-12 17:38:55,701 iil3155 quarkus-elasticsearch-dev.jar[16012] INFO  [org.acm.ser.EventService] (vert.x-eventloop-thread-1) Retrieving all events
2023-09-12 17:38:56,188 iil3155 quarkus-elasticsearch-dev.jar[16012] ERROR [io.qua.ver.htt.run.QuarkusErrorHandler] (vert.x-eventloop-thread-1) HTTP Request to /event/retrieve/all failed, error id: fea74331-7afd-4382-8c72-1b9aa9b96b72-1: co.elastic.clients.elasticsearch._types.ElasticsearchException: [es/search] failed: [index_not_found_exception] no such index [event]
	at co.elastic.clients.transport.ElasticsearchTransportBase.getApiResponse(ElasticsearchTransportBase.java:286)
	at co.elastic.clients.transport.ElasticsearchTransportBase.performRequest(ElasticsearchTransportBase.java:111)
	at co.elastic.clients.elasticsearch.ElasticsearchClient.search(ElasticsearchClient.java:1887)
	at org.acme.service.ElasticService.lambda$searchOperation$1(ElasticService.java:34)
	at java.base/java.util.concurrent.CompletableFuture$AsyncSupply.run(CompletableFuture.java:1768)
	at java.base/java.util.concurrent.CompletableFuture$AsyncSupply.exec(CompletableFuture.java:1760)
	at java.base/java.util.concurrent.ForkJoinTask.doExec(ForkJoinTask.java:373)
	at java.base/java.util.concurrent.ForkJoinPool$WorkQueue.topLevelExec(ForkJoinPool.java:1182)
	at java.base/java.util.concurrent.ForkJoinPool.scan(ForkJoinPool.java:1655)
	at java.base/java.util.concurrent.ForkJoinPool.runWorker(ForkJoinPool.java:1622)
	at java.base/java.util.concurrent.ForkJoinWorkerThread.run(ForkJoinWorkerThread.java:165)

2023-09-12 17:39:08,730 iil3155 quarkus-elasticsearch-dev.jar[16012] INFO  [org.acm.ser.EventService] (vert.x-eventloop-thread-0) Publishing event: 1
2023-09-12 17:39:08,822 iil3155 quarkus-elasticsearch-dev.jar[16012] INFO  [org.acm.mes.KafkaProducer] (smallrye-kafka-producer-thread-0) Successfully published event: 1
2023-09-12 17:39:08,827 iil3155 quarkus-elasticsearch-dev.jar[16012] INFO  [io.sma.rea.mes.kafka] (vert.x-eventloop-thread-2) SRMSG18256: Initialize record store for topic-partition 'event-0' at position 100.
2023-09-12 17:39:08,833 iil3155 quarkus-elasticsearch-dev.jar[16012] INFO  [org.acm.mes.KafkaConsumer] (vert.x-eventloop-thread-2) Received event: 1
2023-09-12 17:39:11,824 iil3155 quarkus-elasticsearch-dev.jar[16012] INFO  [org.acm.ser.EventService] (vert.x-eventloop-thread-0) Retrieving all events
2023-09-12 17:39:18,433 iil3155 quarkus-elasticsearch-dev.jar[16012] INFO  [org.acm.ser.EventService] (vert.x-eventloop-thread-0) Publishing event: 2
2023-09-12 17:39:18,447 iil3155 quarkus-elasticsearch-dev.jar[16012] INFO  [org.acm.mes.KafkaConsumer] (vert.x-eventloop-thread-2) Received event: 2
2023-09-12 17:39:18,449 iil3155 quarkus-elasticsearch-dev.jar[16012] INFO  [org.acm.mes.KafkaProducer] (smallrye-kafka-producer-thread-0) Successfully published event: 2
2023-09-12 17:39:21,315 iil3155 quarkus-elasticsearch-dev.jar[16012] INFO  [org.acm.ser.EventService] (vert.x-eventloop-thread-0) Retrieving all events
2023-09-12 17:39:39,817 iil3155 quarkus-elasticsearch-dev.jar[16012] INFO  [org.acm.ser.EventService] (vert.x-eventloop-thread-0) Publishing event: 3
2023-09-12 17:39:39,827 iil3155 quarkus-elasticsearch-dev.jar[16012] INFO  [org.acm.mes.KafkaConsumer] (vert.x-eventloop-thread-2) Received event: 3
2023-09-12 17:39:39,829 iil3155 quarkus-elasticsearch-dev.jar[16012] INFO  [org.acm.mes.KafkaProducer] (smallrye-kafka-producer-thread-0) Successfully published event: 3
2023-09-12 17:39:41,892 iil3155 quarkus-elasticsearch-dev.jar[16012] INFO  [org.acm.ser.EventService] (vert.x-eventloop-thread-0) Retrieving all events
2023-09-12 17:39:46,153 iil3155 quarkus-elasticsearch-dev.jar[16012] INFO  [org.acm.ser.EventService] (vert.x-eventloop-thread-0) Updating event: 2
2023-09-12 17:39:48,887 iil3155 quarkus-elasticsearch-dev.jar[16012] INFO  [org.acm.ser.EventService] (vert.x-eventloop-thread-0) Retrieving all events
